<?xml version="1.0" encoding="UTF-8"?>
<!-- Generated by org.testng.reporters.JUnitReportReporter -->
<testsuite hostname="DESKTOP-LMBJ13J" failures="0" tests="1" name="demo.SimpleTest" time="1.680" errors="0" timestamp="2025-04-08T10:22:59 IST" skipped="0">
  <testcase classname="demo.SimpleTest" name="launch" time="1.680"/>
  <system-out>
    <![CDATA[Sample Test class Executed]]>
  </system-out>
</testsuite> <!-- demo.SimpleTest -->
