<?xml version="1.0" encoding="UTF-8"?>
<!-- Generated by org.testng.reporters.JUnitReportReporter -->
<testsuite hostname="DESKTOP-LMBJ13J" failures="0" tests="1" name="extendreport.AddScreenShotIntoreport" time="6.041" errors="0" timestamp="2025-04-09T12:08:03 IST" skipped="0">
  <testcase classname="extendreport.AddScreenShotIntoreport" name="addScreenshot" time="6.041"/>
  <system-out/>
</testsuite> <!-- extendreport.AddScreenShotIntoreport -->
