<?xml version="1.0" encoding="UTF-8"?>
<!-- Generated by org.testng.reporters.JUnitReportReporter -->
<testsuite hostname="DESKTOP-LMBJ13J" failures="0" tests="1" name="demo.SimpleJava" time="3.120" errors="0" timestamp="2025-04-07T11:56:48 IST" skipped="0">
  <testcase classname="demo.SimpleJava" name="launch" time="3.120"/>
  <system-out>
    <![CDATA[SimpleJava Executer]]>
  </system-out>
</testsuite> <!-- demo.SimpleJava -->
