<?xml version="1.0" encoding="UTF-8"?>
<!-- Generated by org.testng.reporters.JUnitReportReporter -->
<testsuite hostname="DESKTOP-LMBJ13J" failures="0" tests="1" name="extendreport.LearnExtendReport" time="0.605" errors="0" timestamp="2025-04-09T11:35:56 IST" skipped="0">
  <testcase classname="extendreport.LearnExtendReport" name="createReport" time="0.605"/>
  <system-out/>
</testsuite> <!-- extendreport.LearnExtendReport -->
